  [1m[35m (1201.8ms)[0m  [1m[35mCREATE DATABASE "todo2_development" ENCODING = 'unicode'[0m
  ↳ bin/rails:9
  [1m[35m (1001.0ms)[0m  [1m[35mCREATE DATABASE "todo2_test" ENCODING = 'unicode'[0m
  ↳ bin/rails:9
  [1m[35m (12.2ms)[0m  [1m[35mCREATE TABLE "schema_migrations" ("version" character varying NOT NULL PRIMARY KEY)[0m
  ↳ bin/rails:9
  [1m[35m (5.0ms)[0m  [1m[35mCREATE TABLE "ar_internal_metadata" ("key" character varying NOT NULL PRIMARY KEY, "value" character varying, "created_at" timestamp NOT NULL, "updated_at" timestamp NOT NULL)[0m
  ↳ bin/rails:9
  [1m[35m (0.1ms)[0m  [1m[34mSELECT pg_try_advisory_lock(8592511891728479820)[0m
  ↳ bin/rails:9
  [1m[35m (3.6ms)[0m  [1m[34mSELECT "schema_migrations"."version" FROM "schema_migrations" ORDER BY "schema_migrations"."version" ASC[0m
  ↳ bin/rails:9
Migrating to CreateTodos (20210826190728)
  [1m[35m (0.2ms)[0m  [1m[35mBEGIN[0m
  ↳ bin/rails:9
  [1m[35m (6.4ms)[0m  [1m[35mCREATE TABLE "todos" ("id" bigserial primary key, "title" character varying NOT NULL, "body" character varying NOT NULL, "done" boolean NOT NULL, "created_at" timestamp NOT NULL, "updated_at" timestamp NOT NULL)[0m
  ↳ db/migrate/20210826190728_create_todos.rb:3
  [1m[36mActiveRecord::SchemaMigration Create (0.5ms)[0m  [1m[32mINSERT INTO "schema_migrations" ("version") VALUES ($1) RETURNING "version"[0m  [["version", "20210826190728"]]
  ↳ bin/rails:9
  [1m[35m (0.3ms)[0m  [1m[35mCOMMIT[0m
  ↳ bin/rails:9
  [1m[36mActiveRecord::InternalMetadata Load (4.2ms)[0m  [1m[34mSELECT  "ar_internal_metadata".* FROM "ar_internal_metadata" WHERE "ar_internal_metadata"."key" = $1 LIMIT $2[0m  [["key", "environment"], ["LIMIT", 1]]
  ↳ bin/rails:9
  [1m[35m (0.1ms)[0m  [1m[35mBEGIN[0m
  ↳ bin/rails:9
  [1m[36mActiveRecord::InternalMetadata Create (0.5ms)[0m  [1m[32mINSERT INTO "ar_internal_metadata" ("key", "value", "created_at", "updated_at") VALUES ($1, $2, $3, $4) RETURNING "key"[0m  [["key", "environment"], ["value", "development"], ["created_at", "2021-08-26 19:08:22.706926"], ["updated_at", "2021-08-26 19:08:22.706926"]]
  ↳ bin/rails:9
  [1m[35m (0.5ms)[0m  [1m[35mCOMMIT[0m
  ↳ bin/rails:9
  [1m[35m (0.2ms)[0m  [1m[34mSELECT pg_advisory_unlock(8592511891728479820)[0m
  ↳ bin/rails:9
  [1m[35m (0.2ms)[0m  [1m[34mSELECT "schema_migrations"."version" FROM "schema_migrations" ORDER BY "schema_migrations"."version" ASC[0m
  ↳ bin/rails:9
  [1m[35m (4.9ms)[0m  [1m[34mSELECT "schema_migrations"."version" FROM "schema_migrations" ORDER BY "schema_migrations"."version" ASC[0m
  ↳ /home/julian/.rbenv/versions/2.5.1/bin/annotate:23
  [1m[35m (6.7ms)[0m  [1m[34mSELECT "schema_migrations"."version" FROM "schema_migrations" ORDER BY "schema_migrations"."version" ASC[0m
  ↳ bin/rails:9
  [1m[35m (0.5ms)[0m  [1m[34mSELECT "schema_migrations"."version" FROM "schema_migrations" ORDER BY "schema_migrations"."version" ASC[0m
  ↳ bin/rails:9
  [1m[35m (0.2ms)[0m  [1m[35mBEGIN[0m
  ↳ db/seeds.rb:9
  [1m[36mTodo Create (4.3ms)[0m  [1m[32mINSERT INTO "todos" ("title", "body", "done", "created_at", "updated_at") VALUES ($1, $2, $3, $4, $5) RETURNING "id"[0m  [["title", "pass the assesement"], ["body", "gonna get bodied by the assement"], ["done", false], ["created_at", "2021-08-26 19:18:38.766101"], ["updated_at", "2021-08-26 19:18:38.766101"]]
  ↳ db/seeds.rb:9
  [1m[35m (4.8ms)[0m  [1m[35mCOMMIT[0m
  ↳ db/seeds.rb:9
  [1m[36mTodo Load (4.1ms)[0m  [1m[34mSELECT "todos".* FROM "todos"[0m
Started GET "/" for 127.0.0.1 at 2021-08-26 15:19:34 -0400
  [1m[35m (0.6ms)[0m  [1m[34mSELECT "schema_migrations"."version" FROM "schema_migrations" ORDER BY "schema_migrations"."version" ASC[0m
  ↳ /home/julian/.rbenv/versions/2.5.1/lib/ruby/gems/2.5.0/gems/activerecord-5.2.6/lib/active_record/log_subscriber.rb:98
Processing by StaticPagesController#root as HTML
Completed 406 Not Acceptable in 48ms (ActiveRecord: 0.0ms)



ActionController::UnknownFormat - StaticPagesController#root is missing a template for this request format and variant.
request.formats: ["text/html"]
request.variant: []
NOTE! For XHR/Ajax or API requests, this action would normally respond with 204 No Content: an empty white screen. Since you're loading it in a web browser, we assume that you expected to actually render a template, not nothing, so we're showing an error to be extra-clear. If you expect 204 No Content, carry on. That's what you'll get from an XHR or API request. Give it a shot.:

Started POST "/__better_errors/608e7a95a9b1f444/variables" for 127.0.0.1 at 2021-08-26 15:19:35 -0400
Started POST "/__better_errors/608e7a95a9b1f444/variables" for 127.0.0.1 at 2021-08-26 15:25:12 -0400
Started POST "/__better_errors/608e7a95a9b1f444/variables" for 127.0.0.1 at 2021-08-26 15:25:14 -0400
Started POST "/__better_errors/608e7a95a9b1f444/variables" for 127.0.0.1 at 2021-08-26 15:25:14 -0400
Started GET "/" for 127.0.0.1 at 2021-08-26 15:25:54 -0400
Processing by StaticPagesController#root as HTML
Completed 500 Internal Server Error in 25ms (ActiveRecord: 0.0ms)



ActionView::MissingTemplate - Missing template static_pages/root, application/root with {:locale=>[:en], :formats=>[:html], :variants=>[], :handlers=>[:raw, :erb, :html, :builder, :ruby, :coffee, :jbuilder]}. Searched in:
  * "/home/julian/W11D4/todo2/app/views":
  app/controllers/static_pages_controller.rb:4:in `root'

Started POST "/__better_errors/f61ae24679fb501f/variables" for 127.0.0.1 at 2021-08-26 15:25:54 -0400
Started GET "/" for 127.0.0.1 at 2021-08-26 15:26:16 -0400
Processing by StaticPagesController#root as HTML
  Rendering static_pages/root.html.erb within layouts/application
  Rendered static_pages/root.html.erb within layouts/application (5.4ms)
Completed 200 OK in 259ms (Views: 258.5ms | ActiveRecord: 0.0ms)


Started GET "/" for 127.0.0.1 at 2021-08-26 15:31:47 -0400
Processing by StaticPagesController#root as HTML
  Rendering static_pages/root.html.erb within layouts/application
  Rendered static_pages/root.html.erb within layouts/application (0.2ms)
Completed 200 OK in 26ms (Views: 25.6ms | ActiveRecord: 0.0ms)


Started GET "/" for 127.0.0.1 at 2021-08-26 15:32:18 -0400
Processing by StaticPagesController#root as HTML
  Rendering static_pages/root.html.erb within layouts/application
  Rendered static_pages/root.html.erb within layouts/application (0.2ms)
Completed 200 OK in 13ms (Views: 12.4ms | ActiveRecord: 0.0ms)


Started GET "/" for 127.0.0.1 at 2021-08-26 15:36:46 -0400
Processing by StaticPagesController#root as HTML
  Rendering static_pages/root.html.erb within layouts/application
  Rendered static_pages/root.html.erb within layouts/application (0.4ms)
Completed 200 OK in 150ms (Views: 150.2ms | ActiveRecord: 0.0ms)


Started GET "/api/todos" for 127.0.0.1 at 2021-08-26 15:36:50 -0400
Processing by Api::TodosController#index as */*
  [1m[36mTodo Load (6.7ms)[0m  [1m[34mSELECT "todos".* FROM "todos"[0m
  ↳ app/controllers/api/todos_controller.rb:5
Completed 200 OK in 23ms (Views: 7.0ms | ActiveRecord: 11.9ms)


Started POST "/api/todos" for 127.0.0.1 at 2021-08-26 15:43:11 -0400
Processing by Api::TodosController#create as */*
Completed 400 Bad Request in 1ms (ActiveRecord: 0.0ms)



ActionController::ParameterMissing - param is missing or the value is empty: todo:
  app/controllers/api/todos_controller.rb:37:in `todo_params'
  app/controllers/api/todos_controller.rb:9:in `create'

Started DELETE "/api/todos/1" for 127.0.0.1 at 2021-08-26 15:44:00 -0400
Processing by Api::TodosController#destroy as */*
  Parameters: {"id"=>"1"}
  [1m[36mTodo Load (0.9ms)[0m  [1m[34mSELECT  "todos".* FROM "todos" WHERE (1) LIMIT $1[0m  [["LIMIT", 1]]
  ↳ app/controllers/api/todos_controller.rb:31
Completed 500 Internal Server Error in 2ms (ActiveRecord: 0.9ms)



ActiveRecord::StatementInvalid - PG::DatatypeMismatch: ERROR:  argument of WHERE must be type boolean, not type integer
LINE 1: SELECT  "todos".* FROM "todos" WHERE (1) LIMIT $1
                                              ^
: SELECT  "todos".* FROM "todos" WHERE (1) LIMIT $1:
  app/controllers/api/todos_controller.rb:31:in `destroy'

Started GET "/" for 127.0.0.1 at 2021-08-26 15:45:05 -0400
Processing by StaticPagesController#root as HTML
  Rendering static_pages/root.html.erb within layouts/application
  Rendered static_pages/root.html.erb within layouts/application (0.2ms)
Completed 200 OK in 20ms (Views: 20.1ms | ActiveRecord: 0.0ms)


Started DELETE "/api/todos/1" for 127.0.0.1 at 2021-08-26 15:45:07 -0400
Processing by Api::TodosController#destroy as */*
  Parameters: {"id"=>"1"}
  [1m[36mTodo Load (0.8ms)[0m  [1m[34mSELECT  "todos".* FROM "todos" WHERE (1) LIMIT $1[0m  [["LIMIT", 1]]
  ↳ app/controllers/api/todos_controller.rb:31
Completed 500 Internal Server Error in 8ms (ActiveRecord: 3.8ms)



ActiveRecord::StatementInvalid - PG::DatatypeMismatch: ERROR:  argument of WHERE must be type boolean, not type integer
LINE 1: SELECT  "todos".* FROM "todos" WHERE (1) LIMIT $1
                                              ^
: SELECT  "todos".* FROM "todos" WHERE (1) LIMIT $1:
  app/controllers/api/todos_controller.rb:31:in `destroy'

Started GET "/api/todos" for 127.0.0.1 at 2021-08-26 15:45:20 -0400
Processing by Api::TodosController#index as HTML
  [1m[36mTodo Load (0.4ms)[0m  [1m[34mSELECT "todos".* FROM "todos"[0m
  ↳ app/controllers/api/todos_controller.rb:5
Completed 200 OK in 7ms (Views: 4.1ms | ActiveRecord: 2.8ms)


Started GET "/api/todos/1" for 127.0.0.1 at 2021-08-26 15:45:23 -0400
Processing by Api::TodosController#show as HTML
  Parameters: {"id"=>"1"}
  [1m[36mTodo Load (0.2ms)[0m  [1m[34mSELECT  "todos".* FROM "todos" WHERE "todos"."id" = $1 LIMIT $2[0m  [["id", 1], ["LIMIT", 1]]
  ↳ app/controllers/api/todos_controller.rb:18
Completed 200 OK in 4ms (Views: 0.4ms | ActiveRecord: 0.3ms)


Started GET "/api/todos/1" for 127.0.0.1 at 2021-08-26 15:45:44 -0400
Processing by Api::TodosController#show as HTML
  Parameters: {"id"=>"1"}
  [1m[36mTodo Load (0.2ms)[0m  [1m[34mSELECT  "todos".* FROM "todos" WHERE "todos"."id" = $1 LIMIT $2[0m  [["id", 1], ["LIMIT", 1]]
  ↳ app/controllers/api/todos_controller.rb:18
Completed 200 OK in 1ms (Views: 0.4ms | ActiveRecord: 0.2ms)


Started GET "/" for 127.0.0.1 at 2021-08-26 15:46:10 -0400
Processing by StaticPagesController#root as HTML
  Rendering static_pages/root.html.erb within layouts/application
  Rendered static_pages/root.html.erb within layouts/application (0.3ms)
Completed 200 OK in 18ms (Views: 18.1ms | ActiveRecord: 0.0ms)


Started DELETE "/api/todos/1" for 127.0.0.1 at 2021-08-26 15:46:13 -0400
Processing by Api::TodosController#destroy as */*
  Parameters: {"id"=>"1"}
  [1m[36mTodo Load (0.7ms)[0m  [1m[34mSELECT  "todos".* FROM "todos" WHERE (1) LIMIT $1[0m  [["LIMIT", 1]]
  ↳ app/controllers/api/todos_controller.rb:31
Completed 500 Internal Server Error in 8ms (ActiveRecord: 3.0ms)



ActiveRecord::StatementInvalid - PG::DatatypeMismatch: ERROR:  argument of WHERE must be type boolean, not type integer
LINE 1: SELECT  "todos".* FROM "todos" WHERE (1) LIMIT $1
                                              ^
: SELECT  "todos".* FROM "todos" WHERE (1) LIMIT $1:
  app/controllers/api/todos_controller.rb:31:in `destroy'

Started DELETE "/api/todos/1" for 127.0.0.1 at 2021-08-26 16:06:20 -0400
Processing by Api::TodosController#destroy as */*
  Parameters: {"id"=>"1"}
  [1m[36mTodo Load (0.9ms)[0m  [1m[34mSELECT  "todos".* FROM "todos" WHERE (1) LIMIT $1[0m  [["LIMIT", 1]]
  ↳ app/controllers/api/todos_controller.rb:31
Completed 500 Internal Server Error in 2ms (ActiveRecord: 0.9ms)



ActiveRecord::StatementInvalid - PG::DatatypeMismatch: ERROR:  argument of WHERE must be type boolean, not type integer
LINE 1: SELECT  "todos".* FROM "todos" WHERE (1) LIMIT $1
                                              ^
: SELECT  "todos".* FROM "todos" WHERE (1) LIMIT $1:
  app/controllers/api/todos_controller.rb:31:in `destroy'

Started GET "/" for 127.0.0.1 at 2021-08-26 16:07:39 -0400
Processing by StaticPagesController#root as HTML
  Rendering static_pages/root.html.erb within layouts/application
  Rendered static_pages/root.html.erb within layouts/application (0.2ms)
Completed 200 OK in 15ms (Views: 15.3ms | ActiveRecord: 0.0ms)


Started DELETE "/api/todos/1" for 127.0.0.1 at 2021-08-26 16:07:44 -0400
Processing by Api::TodosController#destroy as */*
  Parameters: {"id"=>"1"}
  [1m[36mTodo Load (0.9ms)[0m  [1m[34mSELECT  "todos".* FROM "todos" WHERE (1) LIMIT $1[0m  [["LIMIT", 1]]
  ↳ app/controllers/api/todos_controller.rb:31
Completed 500 Internal Server Error in 8ms (ActiveRecord: 3.5ms)



ActiveRecord::StatementInvalid - PG::DatatypeMismatch: ERROR:  argument of WHERE must be type boolean, not type integer
LINE 1: SELECT  "todos".* FROM "todos" WHERE (1) LIMIT $1
                                              ^
: SELECT  "todos".* FROM "todos" WHERE (1) LIMIT $1:
  app/controllers/api/todos_controller.rb:31:in `destroy'

Started GET "/" for 127.0.0.1 at 2021-08-26 16:08:51 -0400
Processing by StaticPagesController#root as HTML
  Rendering static_pages/root.html.erb within layouts/application
  Rendered static_pages/root.html.erb within layouts/application (0.2ms)
Completed 200 OK in 14ms (Views: 13.5ms | ActiveRecord: 0.0ms)


Started DELETE "/api/todos/1" for 127.0.0.1 at 2021-08-26 16:08:53 -0400
Processing by Api::TodosController#destroy as */*
  Parameters: {"id"=>"1"}
  [1m[36mTodo Load (0.4ms)[0m  [1m[34mSELECT  "todos".* FROM "todos" WHERE "todos"."id" = $1 LIMIT $2[0m  [["id", 1], ["LIMIT", 1]]
  ↳ app/controllers/api/todos_controller.rb:31
  [1m[35m (0.1ms)[0m  [1m[35mBEGIN[0m
  ↳ app/controllers/api/todos_controller.rb:33
  [1m[36mTodo Destroy (0.3ms)[0m  [1m[31mDELETE FROM "todos" WHERE "todos"."id" = $1[0m  [["id", 1]]
  ↳ app/controllers/api/todos_controller.rb:33
  [1m[35m (4.5ms)[0m  [1m[35mCOMMIT[0m
  ↳ app/controllers/api/todos_controller.rb:33
No template found for Api::TodosController#destroy, rendering head :no_content
Completed 204 No Content in 96ms (ActiveRecord: 10.0ms)


Started GET "/api/todos" for 127.0.0.1 at 2021-08-26 16:09:11 -0400
Processing by Api::TodosController#index as */*
  [1m[36mTodo Load (0.2ms)[0m  [1m[34mSELECT "todos".* FROM "todos"[0m
  ↳ app/controllers/api/todos_controller.rb:5
Completed 200 OK in 1ms (Views: 0.5ms | ActiveRecord: 0.2ms)


Started GET "/" for 127.0.0.1 at 2021-08-26 16:09:32 -0400
Processing by StaticPagesController#root as HTML
  Rendering static_pages/root.html.erb within layouts/application
  Rendered static_pages/root.html.erb within layouts/application (0.2ms)
Completed 200 OK in 16ms (Views: 16.0ms | ActiveRecord: 0.0ms)


Started GET "/api/todos" for 127.0.0.1 at 2021-08-26 16:09:34 -0400
Processing by Api::TodosController#index as */*
  [1m[36mTodo Load (0.6ms)[0m  [1m[34mSELECT "todos".* FROM "todos"[0m
  ↳ app/controllers/api/todos_controller.rb:5
Completed 200 OK in 1ms (Views: 0.6ms | ActiveRecord: 0.6ms)


Started GET "/" for 127.0.0.1 at 2021-08-26 16:09:40 -0400
Processing by StaticPagesController#root as HTML
  Rendering static_pages/root.html.erb within layouts/application
  Rendered static_pages/root.html.erb within layouts/application (0.2ms)
Completed 200 OK in 13ms (Views: 13.0ms | ActiveRecord: 0.0ms)


Started GET "/api/todos" for 127.0.0.1 at 2021-08-26 16:09:49 -0400
Processing by Api::TodosController#index as */*
  [1m[36mTodo Load (0.2ms)[0m  [1m[34mSELECT "todos".* FROM "todos"[0m
  ↳ app/controllers/api/todos_controller.rb:5
Completed 200 OK in 1ms (Views: 0.5ms | ActiveRecord: 0.2ms)


  [1m[35m (0.6ms)[0m  [1m[34mSELECT "schema_migrations"."version" FROM "schema_migrations" ORDER BY "schema_migrations"."version" ASC[0m
  ↳ bin/rails:9
  [1m[35m (0.1ms)[0m  [1m[35mBEGIN[0m
  ↳ db/seeds.rb:9
  [1m[36mTodo Create (0.5ms)[0m  [1m[32mINSERT INTO "todos" ("title", "body", "done", "created_at", "updated_at") VALUES ($1, $2, $3, $4, $5) RETURNING "id"[0m  [["title", "pass the assesement"], ["body", "gonna get bodied by the assement"], ["done", false], ["created_at", "2021-08-26 20:10:31.287697"], ["updated_at", "2021-08-26 20:10:31.287697"]]
  ↳ db/seeds.rb:9
  [1m[35m (3.8ms)[0m  [1m[35mCOMMIT[0m
  ↳ db/seeds.rb:9
Started GET "/api/todos" for 127.0.0.1 at 2021-08-26 16:10:36 -0400
Processing by Api::TodosController#index as */*
  [1m[36mTodo Load (0.2ms)[0m  [1m[34mSELECT "todos".* FROM "todos"[0m
  ↳ app/controllers/api/todos_controller.rb:5
Completed 200 OK in 1ms (Views: 0.9ms | ActiveRecord: 0.2ms)


Started DELETE "/api/todos/1" for 127.0.0.1 at 2021-08-26 16:10:47 -0400
Processing by Api::TodosController#destroy as */*
  Parameters: {"id"=>"1"}
  [1m[36mTodo Load (0.2ms)[0m  [1m[34mSELECT  "todos".* FROM "todos" WHERE "todos"."id" = $1 LIMIT $2[0m  [["id", 1], ["LIMIT", 1]]
  ↳ app/controllers/api/todos_controller.rb:31
Completed 404 Not Found in 1ms (ActiveRecord: 0.3ms)



ActiveRecord::RecordNotFound - Couldn't find Todo with 'id'=1:
  app/controllers/api/todos_controller.rb:31:in `destroy'

Started DELETE "/api/todos/2" for 127.0.0.1 at 2021-08-26 16:10:55 -0400
Processing by Api::TodosController#destroy as */*
  Parameters: {"id"=>"2"}
  [1m[36mTodo Load (0.2ms)[0m  [1m[34mSELECT  "todos".* FROM "todos" WHERE "todos"."id" = $1 LIMIT $2[0m  [["id", 2], ["LIMIT", 1]]
  ↳ app/controllers/api/todos_controller.rb:31
  [1m[35m (0.1ms)[0m  [1m[35mBEGIN[0m
  ↳ app/controllers/api/todos_controller.rb:33
  [1m[36mTodo Destroy (0.2ms)[0m  [1m[31mDELETE FROM "todos" WHERE "todos"."id" = $1[0m  [["id", 2]]
  ↳ app/controllers/api/todos_controller.rb:33
  [1m[35m (3.9ms)[0m  [1m[35mCOMMIT[0m
  ↳ app/controllers/api/todos_controller.rb:33
No template found for Api::TodosController#destroy, rendering head :no_content
Completed 204 No Content in 79ms (ActiveRecord: 4.4ms)


Started GET "/api/todos" for 127.0.0.1 at 2021-08-26 16:11:00 -0400
Processing by Api::TodosController#index as */*
  [1m[36mTodo Load (0.2ms)[0m  [1m[34mSELECT "todos".* FROM "todos"[0m
  ↳ app/controllers/api/todos_controller.rb:5
Completed 200 OK in 1ms (Views: 0.5ms | ActiveRecord: 0.2ms)


  [1m[35m (0.5ms)[0m  [1m[34mSELECT "schema_migrations"."version" FROM "schema_migrations" ORDER BY "schema_migrations"."version" ASC[0m
  ↳ bin/rails:9
  [1m[35m (0.1ms)[0m  [1m[35mBEGIN[0m
  ↳ db/seeds.rb:9
  [1m[36mTodo Create (0.5ms)[0m  [1m[32mINSERT INTO "todos" ("title", "body", "done", "created_at", "updated_at") VALUES ($1, $2, $3, $4, $5) RETURNING "id"[0m  [["title", "pass the assesement"], ["body", "gonna get bodied by the assement"], ["done", false], ["created_at", "2021-08-26 20:11:21.805087"], ["updated_at", "2021-08-26 20:11:21.805087"]]
  ↳ db/seeds.rb:9
  [1m[35m (4.4ms)[0m  [1m[35mCOMMIT[0m
  ↳ db/seeds.rb:9
Started GET "/" for 127.0.0.1 at 2021-08-26 16:12:41 -0400
Processing by StaticPagesController#root as HTML
  Rendering static_pages/root.html.erb within layouts/application
  Rendered static_pages/root.html.erb within layouts/application (0.2ms)
Completed 200 OK in 15ms (Views: 15.2ms | ActiveRecord: 0.0ms)


Started GET "/api/todos" for 127.0.0.1 at 2021-08-26 16:12:43 -0400
Processing by Api::TodosController#index as */*
  [1m[36mTodo Load (0.5ms)[0m  [1m[34mSELECT "todos".* FROM "todos"[0m
  ↳ app/controllers/api/todos_controller.rb:5
Completed 200 OK in 2ms (Views: 0.9ms | ActiveRecord: 0.5ms)


Started PATCH "/api/todos/3" for 127.0.0.1 at 2021-08-26 16:13:27 -0400
Processing by Api::TodosController#update as */*
  Parameters: {"id"=>"3"}
  [1m[36mTodo Load (0.2ms)[0m  [1m[34mSELECT  "todos".* FROM "todos" WHERE "todos"."id" = $1 LIMIT $2[0m  [["id", 3], ["LIMIT", 1]]
  ↳ app/controllers/api/todos_controller.rb:22
Completed 400 Bad Request in 2ms (ActiveRecord: 0.4ms)



ActionController::ParameterMissing - param is missing or the value is empty: todo:
  app/controllers/api/todos_controller.rb:38:in `todo_params'
  app/controllers/api/todos_controller.rb:23:in `update'

Started PATCH "/api/todos/3" for 127.0.0.1 at 2021-08-26 16:15:28 -0400
Processing by Api::TodosController#update as */*
  Parameters: {"title"=>"hi", "body"=>"bye", "done"=>"false", "id"=>"3"}
  [1m[36mTodo Load (0.3ms)[0m  [1m[34mSELECT  "todos".* FROM "todos" WHERE "todos"."id" = $1 LIMIT $2[0m  [["id", 3], ["LIMIT", 1]]
  ↳ app/controllers/api/todos_controller.rb:22
Completed 400 Bad Request in 2ms (ActiveRecord: 0.3ms)



ActionController::ParameterMissing - param is missing or the value is empty: todo:
  app/controllers/api/todos_controller.rb:38:in `todo_params'
  app/controllers/api/todos_controller.rb:23:in `update'

Started GET "/" for 127.0.0.1 at 2021-08-26 16:15:46 -0400
Processing by StaticPagesController#root as HTML
  Rendering static_pages/root.html.erb within layouts/application
  Rendered static_pages/root.html.erb within layouts/application (0.2ms)
Completed 200 OK in 16ms (Views: 16.0ms | ActiveRecord: 0.0ms)


Started GET "/api/todos" for 127.0.0.1 at 2021-08-26 16:15:54 -0400
Processing by Api::TodosController#index as */*
  [1m[36mTodo Load (0.2ms)[0m  [1m[34mSELECT "todos".* FROM "todos"[0m
  ↳ app/controllers/api/todos_controller.rb:5
Completed 200 OK in 1ms (Views: 0.8ms | ActiveRecord: 0.2ms)


Started PATCH "/api/todos/3" for 127.0.0.1 at 2021-08-26 16:16:18 -0400
Processing by Api::TodosController#update as */*
  Parameters: {"title"=>"hi", "body"=>"bye", "done"=>"false", "id"=>"3"}
  [1m[36mTodo Load (0.3ms)[0m  [1m[34mSELECT  "todos".* FROM "todos" WHERE "todos"."id" = $1 LIMIT $2[0m  [["id", 3], ["LIMIT", 1]]
  ↳ app/controllers/api/todos_controller.rb:22
Completed 400 Bad Request in 2ms (ActiveRecord: 0.3ms)



ActionController::ParameterMissing - param is missing or the value is empty: todo:
  app/controllers/api/todos_controller.rb:38:in `todo_params'
  app/controllers/api/todos_controller.rb:23:in `update'

Started GET "/" for 127.0.0.1 at 2021-08-26 16:20:25 -0400
Processing by StaticPagesController#root as HTML
  Rendering static_pages/root.html.erb within layouts/application
  Rendered static_pages/root.html.erb within layouts/application (0.2ms)
Completed 200 OK in 15ms (Views: 14.9ms | ActiveRecord: 0.0ms)


Started PATCH "/api/todos/3" for 127.0.0.1 at 2021-08-26 16:20:30 -0400
Processing by Api::TodosController#update as */*
  Parameters: {"title"=>"hi", "body"=>"bye", "done"=>"false", "id"=>"3"}
  [1m[36mTodo Load (7.9ms)[0m  [1m[34mSELECT  "todos".* FROM "todos" WHERE "todos"."id" = $1 LIMIT $2[0m  [["id", 3], ["LIMIT", 1]]
  ↳ app/controllers/api/todos_controller.rb:23
Completed 400 Bad Request in 211125ms (ActiveRecord: 14.8ms)



ActionController::ParameterMissing - param is missing or the value is empty: todo:
  app/controllers/api/todos_controller.rb:39:in `todo_params'
  app/controllers/api/todos_controller.rb:24:in `update'

Started PATCH "/api/todos/3" for 127.0.0.1 at 2021-08-26 16:24:01 -0400
Processing by Api::TodosController#update as */*
  Parameters: {"todo"=>{"title"=>"hi", "body"=>"bye", "done"=>"false"}, "id"=>"3"}
  [1m[36mTodo Load (0.7ms)[0m  [1m[34mSELECT  "todos".* FROM "todos" WHERE "todos"."id" = $1 LIMIT $2[0m  [["id", 3], ["LIMIT", 1]]
  ↳ app/controllers/api/todos_controller.rb:23
Started GET "/" for 127.0.0.1 at 2021-08-26 16:25:34 -0400
  [1m[35m (0.6ms)[0m  [1m[34mSELECT "schema_migrations"."version" FROM "schema_migrations" ORDER BY "schema_migrations"."version" ASC[0m
  ↳ /home/julian/.rbenv/versions/2.5.1/lib/ruby/gems/2.5.0/gems/activerecord-5.2.6/lib/active_record/log_subscriber.rb:98
Processing by StaticPagesController#root as HTML
  Rendering static_pages/root.html.erb within layouts/application
  Rendered static_pages/root.html.erb within layouts/application (1.6ms)
Completed 200 OK in 221ms (Views: 221.2ms | ActiveRecord: 0.0ms)


Started GET "/api/todos" for 127.0.0.1 at 2021-08-26 16:25:35 -0400
Processing by Api::TodosController#index as */*
  [1m[36mTodo Load (0.6ms)[0m  [1m[34mSELECT "todos".* FROM "todos"[0m
  ↳ app/controllers/api/todos_controller.rb:5
Completed 200 OK in 16ms (Views: 7.4ms | ActiveRecord: 5.0ms)


Started PATCH "/api/todos/3" for 127.0.0.1 at 2021-08-26 16:25:42 -0400
Processing by Api::TodosController#update as */*
  Parameters: {"todo"=>{"title"=>"hi", "body"=>"bye", "done"=>"false"}, "id"=>"3"}
  [1m[36mTodo Load (0.2ms)[0m  [1m[34mSELECT  "todos".* FROM "todos" WHERE "todos"."id" = $1 LIMIT $2[0m  [["id", 3], ["LIMIT", 1]]
  ↳ app/controllers/api/todos_controller.rb:22
  [1m[35m (0.1ms)[0m  [1m[35mBEGIN[0m
  ↳ app/controllers/api/todos_controller.rb:23
  [1m[36mTodo Update (0.6ms)[0m  [1m[33mUPDATE "todos" SET "title" = $1, "body" = $2, "updated_at" = $3 WHERE "todos"."id" = $4[0m  [["title", "hi"], ["body", "bye"], ["updated_at", "2021-08-26 20:25:42.145497"], ["id", 3]]
  ↳ app/controllers/api/todos_controller.rb:23
  [1m[35m (4.4ms)[0m  [1m[35mCOMMIT[0m
  ↳ app/controllers/api/todos_controller.rb:23
Completed 200 OK in 13ms (Views: 0.4ms | ActiveRecord: 5.4ms)


Started GET "/api/todos" for 127.0.0.1 at 2021-08-26 16:25:46 -0400
Processing by Api::TodosController#index as */*
  [1m[36mTodo Load (1.0ms)[0m  [1m[34mSELECT "todos".* FROM "todos"[0m
  ↳ app/controllers/api/todos_controller.rb:5
Completed 200 OK in 3ms (Views: 1.4ms | ActiveRecord: 1.0ms)


